2023-01-11 13:15:14 - PHP Unknown:  Return type of Twig\Node\Node::count() should either be compatible with Countable::count(): int, or the #[\ReturnTypeWillChange] attribute should be used to temporarily suppress the notice in C:\xampp\htdocs\server\store\upload\system\storage\vendor\twig\twig\src\Node\Node.php on line 161
2023-01-11 13:15:14 - PHP Unknown:  Return type of Twig\Node\Node::getIterator() should either be compatible with IteratorAggregate::getIterator(): Traversable, or the #[\ReturnTypeWillChange] attribute should be used to temporarily suppress the notice in C:\xampp\htdocs\server\store\upload\system\storage\vendor\twig\twig\src\Node\Node.php on line 166
2023-01-11 13:15:54 - PHP Unknown:  Return type of Twig\Node\Node::count() should either be compatible with Countable::count(): int, or the #[\ReturnTypeWillChange] attribute should be used to temporarily suppress the notice in C:\xampp\htdocs\server\store\upload\system\storage\vendor\twig\twig\src\Node\Node.php on line 161
2023-01-11 13:15:54 - PHP Unknown:  Return type of Twig\Node\Node::getIterator() should either be compatible with IteratorAggregate::getIterator(): Traversable, or the #[\ReturnTypeWillChange] attribute should be used to temporarily suppress the notice in C:\xampp\htdocs\server\store\upload\system\storage\vendor\twig\twig\src\Node\Node.php on line 166
2023-01-11 13:15:57 - PHP Unknown:  Return type of Twig\Node\Node::count() should either be compatible with Countable::count(): int, or the #[\ReturnTypeWillChange] attribute should be used to temporarily suppress the notice in C:\xampp\htdocs\server\store\upload\system\storage\vendor\twig\twig\src\Node\Node.php on line 161
2023-01-11 13:15:57 - PHP Unknown:  Return type of Twig\Node\Node::getIterator() should either be compatible with IteratorAggregate::getIterator(): Traversable, or the #[\ReturnTypeWillChange] attribute should be used to temporarily suppress the notice in C:\xampp\htdocs\server\store\upload\system\storage\vendor\twig\twig\src\Node\Node.php on line 166
2023-01-11 14:18:32 - PHP Unknown:  Return type of Twig\Node\Node::count() should either be compatible with Countable::count(): int, or the #[\ReturnTypeWillChange] attribute should be used to temporarily suppress the notice in C:\xampp\htdocs\server\store\upload\system\storage\vendor\twig\twig\src\Node\Node.php on line 161
2023-01-11 14:18:32 - PHP Unknown:  Return type of Twig\Node\Node::getIterator() should either be compatible with IteratorAggregate::getIterator(): Traversable, or the #[\ReturnTypeWillChange] attribute should be used to temporarily suppress the notice in C:\xampp\htdocs\server\store\upload\system\storage\vendor\twig\twig\src\Node\Node.php on line 166
2023-01-11 14:19:24 - PHP Unknown:  Return type of Twig\Node\Node::count() should either be compatible with Countable::count(): int, or the #[\ReturnTypeWillChange] attribute should be used to temporarily suppress the notice in C:\xampp\htdocs\server\store\upload\system\storage\vendor\twig\twig\src\Node\Node.php on line 161
2023-01-11 14:19:24 - PHP Unknown:  Return type of Twig\Node\Node::getIterator() should either be compatible with IteratorAggregate::getIterator(): Traversable, or the #[\ReturnTypeWillChange] attribute should be used to temporarily suppress the notice in C:\xampp\htdocs\server\store\upload\system\storage\vendor\twig\twig\src\Node\Node.php on line 166
2023-01-11 14:21:21 - PHP Unknown:  mysqli::real_escape_string(): Passing null to parameter #1 ($string) of type string is deprecated in C:\xampp\htdocs\server\store\upload\system\library\db\mysqli.php on line 54
2023-01-11 14:21:21 - PHP Unknown:  Automatic conversion of false to array is deprecated in C:\xampp\htdocs\server\store\upload\catalog\controller\startup\startup.php on line 103
2023-01-11 14:21:22 - PHP Unknown:  Return type of Twig\Node\Node::count() should either be compatible with Countable::count(): int, or the #[\ReturnTypeWillChange] attribute should be used to temporarily suppress the notice in C:\xampp\htdocs\server\store\upload\system\storage\vendor\twig\twig\src\Node\Node.php on line 161
2023-01-11 14:21:22 - PHP Unknown:  Return type of Twig\Node\Node::getIterator() should either be compatible with IteratorAggregate::getIterator(): Traversable, or the #[\ReturnTypeWillChange] attribute should be used to temporarily suppress the notice in C:\xampp\htdocs\server\store\upload\system\storage\vendor\twig\twig\src\Node\Node.php on line 166
2023-01-11 14:21:22 - PHP Unknown:  round(): Passing null to parameter #1 ($num) of type int|float is deprecated in C:\xampp\htdocs\server\store\upload\catalog\model\catalog\product.php on line 45
2023-01-11 14:21:22 - PHP Unknown:  round(): Passing null to parameter #1 ($num) of type int|float is deprecated in C:\xampp\htdocs\server\store\upload\catalog\model\catalog\product.php on line 45
2023-01-11 14:21:22 - PHP Unknown:  round(): Passing null to parameter #1 ($num) of type int|float is deprecated in C:\xampp\htdocs\server\store\upload\catalog\model\catalog\product.php on line 45
2023-01-11 14:21:22 - PHP Unknown:  round(): Passing null to parameter #1 ($num) of type int|float is deprecated in C:\xampp\htdocs\server\store\upload\catalog\model\catalog\product.php on line 45
2023-01-11 14:21:29 - PHP Unknown:  mysqli::real_escape_string(): Passing null to parameter #1 ($string) of type string is deprecated in C:\xampp\htdocs\server\store\upload\system\library\db\mysqli.php on line 54
2023-01-11 14:21:30 - PHP Unknown:  round(): Passing null to parameter #1 ($num) of type int|float is deprecated in C:\xampp\htdocs\server\store\upload\catalog\model\catalog\product.php on line 45
2023-01-11 14:21:30 - PHP Unknown:  round(): Passing null to parameter #1 ($num) of type int|float is deprecated in C:\xampp\htdocs\server\store\upload\catalog\model\catalog\product.php on line 45
2023-01-11 14:21:30 - PHP Unknown:  round(): Passing null to parameter #1 ($num) of type int|float is deprecated in C:\xampp\htdocs\server\store\upload\catalog\model\catalog\product.php on line 45
2023-01-11 14:21:30 - PHP Unknown:  round(): Passing null to parameter #1 ($num) of type int|float is deprecated in C:\xampp\htdocs\server\store\upload\catalog\model\catalog\product.php on line 45
2023-01-11 14:22:21 - PHP Unknown:  mysqli::real_escape_string(): Passing null to parameter #1 ($string) of type string is deprecated in C:\xampp\htdocs\server\store\upload\system\library\db\mysqli.php on line 54
2023-01-11 14:22:21 - PHP Unknown:  round(): Passing null to parameter #1 ($num) of type int|float is deprecated in C:\xampp\htdocs\server\store\upload\catalog\model\catalog\product.php on line 45
2023-01-11 14:22:21 - PHP Unknown:  round(): Passing null to parameter #1 ($num) of type int|float is deprecated in C:\xampp\htdocs\server\store\upload\catalog\model\catalog\product.php on line 45
2023-01-11 14:22:21 - PHP Unknown:  round(): Passing null to parameter #1 ($num) of type int|float is deprecated in C:\xampp\htdocs\server\store\upload\catalog\model\catalog\product.php on line 45
2023-01-11 14:22:21 - PHP Unknown:  round(): Passing null to parameter #1 ($num) of type int|float is deprecated in C:\xampp\htdocs\server\store\upload\catalog\model\catalog\product.php on line 45
2023-01-11 14:22:38 - PHP Unknown:  mysqli::real_escape_string(): Passing null to parameter #1 ($string) of type string is deprecated in C:\xampp\htdocs\server\store\upload\system\library\db\mysqli.php on line 54
2023-01-11 14:22:38 - PHP Unknown:  round(): Passing null to parameter #1 ($num) of type int|float is deprecated in C:\xampp\htdocs\server\store\upload\catalog\model\catalog\product.php on line 45
2023-01-11 14:22:38 - PHP Unknown:  round(): Passing null to parameter #1 ($num) of type int|float is deprecated in C:\xampp\htdocs\server\store\upload\catalog\model\catalog\product.php on line 45
2023-01-11 14:22:38 - PHP Unknown:  round(): Passing null to parameter #1 ($num) of type int|float is deprecated in C:\xampp\htdocs\server\store\upload\catalog\model\catalog\product.php on line 45
2023-01-11 14:22:38 - PHP Unknown:  round(): Passing null to parameter #1 ($num) of type int|float is deprecated in C:\xampp\htdocs\server\store\upload\catalog\model\catalog\product.php on line 45
2023-01-11 14:24:21 - PHP Unknown:  mysqli::real_escape_string(): Passing null to parameter #1 ($string) of type string is deprecated in C:\xampp\htdocs\server\store\upload\system\library\db\mysqli.php on line 54
2023-01-11 14:24:21 - PHP Unknown:  round(): Passing null to parameter #1 ($num) of type int|float is deprecated in C:\xampp\htdocs\server\store\upload\catalog\model\catalog\product.php on line 45
2023-01-11 14:24:21 - PHP Unknown:  round(): Passing null to parameter #1 ($num) of type int|float is deprecated in C:\xampp\htdocs\server\store\upload\catalog\model\catalog\product.php on line 45
2023-01-11 14:24:21 - PHP Unknown:  round(): Passing null to parameter #1 ($num) of type int|float is deprecated in C:\xampp\htdocs\server\store\upload\catalog\model\catalog\product.php on line 45
2023-01-11 14:24:21 - PHP Unknown:  round(): Passing null to parameter #1 ($num) of type int|float is deprecated in C:\xampp\htdocs\server\store\upload\catalog\model\catalog\product.php on line 45
2023-01-11 18:23:09 - PHP Unknown:  mysqli::real_escape_string(): Passing null to parameter #1 ($string) of type string is deprecated in C:\xampp\htdocs\server\store\upload\system\library\db\mysqli.php on line 54
2023-01-11 18:23:09 - PHP Unknown:  Automatic conversion of false to array is deprecated in C:\xampp\htdocs\server\store\upload\catalog\controller\startup\startup.php on line 103
2023-01-11 18:23:09 - PHP Unknown:  round(): Passing null to parameter #1 ($num) of type int|float is deprecated in C:\xampp\htdocs\server\store\upload\catalog\model\catalog\product.php on line 45
2023-01-11 18:23:09 - PHP Unknown:  round(): Passing null to parameter #1 ($num) of type int|float is deprecated in C:\xampp\htdocs\server\store\upload\catalog\model\catalog\product.php on line 45
2023-01-11 18:23:09 - PHP Unknown:  round(): Passing null to parameter #1 ($num) of type int|float is deprecated in C:\xampp\htdocs\server\store\upload\catalog\model\catalog\product.php on line 45
2023-01-11 18:23:09 - PHP Unknown:  round(): Passing null to parameter #1 ($num) of type int|float is deprecated in C:\xampp\htdocs\server\store\upload\catalog\model\catalog\product.php on line 45
2023-01-11 18:23:16 - PHP Unknown:  mysqli::real_escape_string(): Passing null to parameter #1 ($string) of type string is deprecated in C:\xampp\htdocs\server\store\upload\system\library\db\mysqli.php on line 54
2023-01-11 18:23:16 - PHP Unknown:  round(): Passing null to parameter #1 ($num) of type int|float is deprecated in C:\xampp\htdocs\server\store\upload\catalog\model\catalog\product.php on line 45
2023-01-11 18:23:16 - PHP Unknown:  round(): Passing null to parameter #1 ($num) of type int|float is deprecated in C:\xampp\htdocs\server\store\upload\catalog\model\catalog\product.php on line 45
2023-01-11 18:23:16 - PHP Unknown:  round(): Passing null to parameter #1 ($num) of type int|float is deprecated in C:\xampp\htdocs\server\store\upload\catalog\model\catalog\product.php on line 45
2023-01-11 18:23:16 - PHP Unknown:  round(): Passing null to parameter #1 ($num) of type int|float is deprecated in C:\xampp\htdocs\server\store\upload\catalog\model\catalog\product.php on line 45
2023-01-11 18:24:47 - PHP Unknown:  Return type of Twig\Node\Node::count() should either be compatible with Countable::count(): int, or the #[\ReturnTypeWillChange] attribute should be used to temporarily suppress the notice in C:\xampp\htdocs\server\store\upload\system\storage\vendor\twig\twig\src\Node\Node.php on line 161
2023-01-11 18:24:47 - PHP Unknown:  Return type of Twig\Node\Node::getIterator() should either be compatible with IteratorAggregate::getIterator(): Traversable, or the #[\ReturnTypeWillChange] attribute should be used to temporarily suppress the notice in C:\xampp\htdocs\server\store\upload\system\storage\vendor\twig\twig\src\Node\Node.php on line 166
2023-01-11 18:24:55 - PHP Unknown:  Return type of Twig\Node\Node::count() should either be compatible with Countable::count(): int, or the #[\ReturnTypeWillChange] attribute should be used to temporarily suppress the notice in C:\xampp\htdocs\server\store\upload\system\storage\vendor\twig\twig\src\Node\Node.php on line 161
2023-01-11 18:24:55 - PHP Unknown:  Return type of Twig\Node\Node::getIterator() should either be compatible with IteratorAggregate::getIterator(): Traversable, or the #[\ReturnTypeWillChange] attribute should be used to temporarily suppress the notice in C:\xampp\htdocs\server\store\upload\system\storage\vendor\twig\twig\src\Node\Node.php on line 166
2023-01-11 18:24:55 - PHP Unknown:  round(): Passing null to parameter #1 ($num) of type int|float is deprecated in C:\xampp\htdocs\server\store\upload\admin\controller\extension\dashboard\sale.php on line 116
